<?xml version="1.0" encoding="UTF-8"?>
<testsuite name="com.twistral.tests.stats.ChiSqTestsTest" tests="3" skipped="0" failures="0" errors="0" timestamp="2022-07-05T00:18:51" hostname="TUNERIKGEZGINI" time="0.003">
  <properties/>
  <testcase name="homogeneityTest" classname="com.twistral.tests.stats.ChiSqTestsTest" time="0.001"/>
  <testcase name="goodnessOfFitTest" classname="com.twistral.tests.stats.ChiSqTestsTest" time="0.001"/>
  <testcase name="aliasFunctionChecksTest" classname="com.twistral.tests.stats.ChiSqTestsTest" time="0.0"/>
  <system-out><![CDATA[]]></system-out>
  <system-err><![CDATA[]]></system-err>
</testsuite>
