<?xml version="1.0" encoding="UTF-8"?>
<testsuite name="com.telek.tests.stats.freqtable.FreqDistTableTest" tests="4" skipped="0" failures="0" errors="0" timestamp="2022-06-07T17:49:05" hostname="TUNERIKGEZGINI" time="0.005">
  <properties/>
  <testcase name="freqTablePrimiteWithoutConversionTest" classname="com.telek.tests.stats.freqtable.FreqDistTableTest" time="0.0"/>
  <testcase name="freqTableGenericTest" classname="com.telek.tests.stats.freqtable.FreqDistTableTest" time="0.001"/>
  <testcase name="freqTableWithKnownFreqsTest" classname="com.telek.tests.stats.freqtable.FreqDistTableTest" time="0.003"/>
  <testcase name="freqTablePrimiteWithConversionTest" classname="com.telek.tests.stats.freqtable.FreqDistTableTest" time="0.001"/>
  <system-out><![CDATA[]]></system-out>
  <system-err><![CDATA[]]></system-err>
</testsuite>
