<?xml version="1.0" encoding="UTF-8"?>
<testsuite name="com.telek.tests.dists.SNormalDistTest" tests="1" skipped="0" failures="0" errors="0" timestamp="2022-02-03T10:24:28" hostname="TUNERIKGEZGINI" time="0.021">
  <properties/>
  <testcase name="snormalTest2" classname="com.telek.tests.dists.SNormalDistTest" time="0.021"/>
  <system-out><![CDATA[]]></system-out>
  <system-err><![CDATA[]]></system-err>
</testsuite>
