<?xml version="1.0" encoding="UTF-8"?>
<testsuite name="com.telek.tests.stats.sampling.SamplingTest" tests="3" skipped="0" failures="0" errors="0" timestamp="2022-03-05T19:50:24" hostname="TUNERIKGEZGINI" time="0.006">
  <properties/>
  <testcase name="samplingTestPrimitiveFloat" classname="com.telek.tests.stats.sampling.SamplingTest" time="0.003"/>
  <testcase name="samplingTestClass" classname="com.telek.tests.stats.sampling.SamplingTest" time="0.001"/>
  <testcase name="samplingTestPrimitiveINT" classname="com.telek.tests.stats.sampling.SamplingTest" time="0.001"/>
  <system-out><![CDATA[[180.0, 176.0, 183.0, 192.0, 170.0, 180.0, 160.0, 190.0, 176.0, 182.0, 180.0, 176.0, 162.0, 158.0, 166.0]
[183.0, 165.0, 188.0, 177.0, 178.0, 170.0, 180.0, 170.0, 180.0, 190.0]
[Lcom.telek.tests.stats.exampledata.Person;@1ceab2e9
[Lcom.telek.tests.stats.exampledata.Person;@1d2aff92
[176, 192, 162, 203, 177, 176, 180, 176, 176, 178, 190, 160, 171, 180, 158]
[160, 172, 162, 176, 180, 176, 182, 176, 176, 166]
]]></system-out>
  <system-err><![CDATA[]]></system-err>
</testsuite>
