<?xml version="1.0" encoding="UTF-8"?>
<testsuite name="com.telek.tests.functions.TCompositeFuncTest" tests="1" skipped="0" failures="0" errors="0" timestamp="2022-06-02T14:06:58" hostname="TUNERIKGEZGINI" time="0.02">
  <properties/>
  <testcase name="tCompositeFuncTest" classname="com.telek.tests.functions.TCompositeFuncTest" time="0.02"/>
  <system-out><![CDATA[]]></system-out>
  <system-err><![CDATA[]]></system-err>
</testsuite>
