<?xml version="1.0" encoding="UTF-8"?>
<testsuite name="com.telek.tests.stats.hypo.HypothesisTwoVarTest" tests="2" skipped="0" failures="0" errors="0" timestamp="2022-05-17T19:26:54" hostname="TUNERIKGEZGINI" time="0.004">
  <properties/>
  <testcase name="differenceOfMeansTest" classname="com.telek.tests.stats.hypo.HypothesisTwoVarTest" time="0.0"/>
  <testcase name="differenceOfProportionsTest" classname="com.telek.tests.stats.hypo.HypothesisTwoVarTest" time="0.003"/>
  <system-out><![CDATA[]]></system-out>
  <system-err><![CDATA[]]></system-err>
</testsuite>
