<?xml version="1.0" encoding="UTF-8"?>
<testsuite name="com.telek.tests.stats.SamplingTest" tests="3" skipped="0" failures="0" errors="0" timestamp="2022-02-08T21:29:57" hostname="TUNERIKGEZGINI" time="0.004">
  <properties/>
  <testcase name="samplingTestPrimitiveFloat" classname="com.telek.tests.stats.SamplingTest" time="0.002"/>
  <testcase name="samplingTestClass" classname="com.telek.tests.stats.SamplingTest" time="0.001"/>
  <testcase name="samplingTestPrimitiveINT" classname="com.telek.tests.stats.SamplingTest" time="0.001"/>
  <system-out><![CDATA[[176.0, 166.0, 177.0, 180.0, 171.0, 172.0, 180.0, 192.0, 203.0, 188.0, 173.0, 176.0, 160.0, 190.0, 158.0]
[171.0, 160.0, 172.0, 162.0, 176.0, 180.0, 176.0, 182.0, 176.0, 176.0]
[Lcom.telek.tests.stats.Person;@69acb80b
[Lcom.telek.tests.stats.Person;@73ad3876
[182, 177, 176, 170, 172, 176, 180, 176, 167, 180, 188, 166, 171, 180, 165]
[165, 188, 177, 178, 170, 180, 170, 180, 190, 173]
]]></system-out>
  <system-err><![CDATA[]]></system-err>
</testsuite>
