<?xml version="1.0" encoding="UTF-8"?>
<testsuite name="com.telek.tests.matrices.TMat2Test" tests="1" skipped="0" failures="0" errors="0" timestamp="2022-05-21T04:21:41" hostname="TUNERIKGEZGINI" time="0.918">
  <properties/>
  <testcase name="allOperationsTest" classname="com.telek.tests.matrices.TMat2Test" time="0.918"/>
  <system-out><![CDATA[]]></system-out>
  <system-err><![CDATA[]]></system-err>
</testsuite>
