<?xml version="1.0" encoding="UTF-8"?>
<testsuite name="com.telek.tests.dists.ChiSqDistTest" tests="4" skipped="0" failures="0" errors="0" timestamp="2022-02-12T13:21:18" hostname="TUNERIKGEZGINI" time="3.803">
  <properties/>
  <testcase name="invCumLeftTailed" classname="com.telek.tests.dists.ChiSqDistTest" time="0.281"/>
  <testcase name="invCumRightTailed" classname="com.telek.tests.dists.ChiSqDistTest" time="0.002"/>
  <testcase name="cumProbTest" classname="com.telek.tests.dists.ChiSqDistTest" time="3.459"/>
  <testcase name="densityTest" classname="com.telek.tests.dists.ChiSqDistTest" time="0.061"/>
  <system-out><![CDATA[]]></system-out>
  <system-err><![CDATA[]]></system-err>
</testsuite>
