<?xml version="1.0" encoding="UTF-8"?>
<testsuite name="com.telek.tests.zsingle.CryptoTest" tests="1" skipped="0" failures="0" errors="0" timestamp="2022-02-10T00:06:34" hostname="TUNERIKGEZGINI" time="0.004">
  <properties/>
  <testcase name="cryptoTest" classname="com.telek.tests.zsingle.CryptoTest" time="0.004"/>
  <system-out><![CDATA[]]></system-out>
  <system-err><![CDATA[]]></system-err>
</testsuite>
