<?xml version="1.0" encoding="UTF-8"?>
<testsuite name="com.telek.tests.stats.SamplingTest" tests="3" skipped="0" failures="0" errors="0" timestamp="2022-02-02T21:12:35" hostname="TUNERIKGEZGINI" time="0.004">
  <properties/>
  <testcase name="samplingTestPrimitiveFloat" classname="com.telek.tests.stats.SamplingTest" time="0.002"/>
  <testcase name="samplingTestClass" classname="com.telek.tests.stats.SamplingTest" time="0.001"/>
  <testcase name="samplingTestPrimitiveINT" classname="com.telek.tests.stats.SamplingTest" time="0.001"/>
  <system-out><![CDATA[[166.0, 178.0, 192.0, 176.0, 182.0, 176.0, 177.0, 172.0, 176.0, 173.0, 180.0, 176.0, 162.0, 170.0, 183.0]
[182.0, 176.0, 176.0, 166.0, 158.0, 183.0, 165.0, 188.0, 177.0, 178.0]
[Lcom.telek.tests.stats.Person;@4bb721a7
[Lcom.telek.tests.stats.Person;@2bef6afd
[166, 192, 176, 183, 180, 180, 188, 173, 176, 176, 180, 176, 167, 172, 178]
[203, 171, 160, 172, 162, 176, 180, 176, 182, 176]
]]></system-out>
  <system-err><![CDATA[]]></system-err>
</testsuite>
