<?xml version="1.0" encoding="UTF-8"?>
<testsuite name="com.telek.tests.numbers.FractionTest" tests="1" skipped="0" failures="0" errors="0" timestamp="2022-03-11T07:18:52" hostname="TUNERIKGEZGINI" time="0.018">
  <properties/>
  <testcase name="fracTest" classname="com.telek.tests.numbers.FractionTest" time="0.018"/>
  <system-out><![CDATA[]]></system-out>
  <system-err><![CDATA[]]></system-err>
</testsuite>
