<?xml version="1.0" encoding="UTF-8"?>
<testsuite name="com.telek.tests.zsingle.ColorTest" tests="1" skipped="0" failures="0" errors="0" timestamp="2022-06-07T17:49:05" hostname="TUNERIKGEZGINI" time="0.001">
  <properties/>
  <testcase name="colorEqualsTest" classname="com.telek.tests.zsingle.ColorTest" time="0.001"/>
  <system-out><![CDATA[]]></system-out>
  <system-err><![CDATA[]]></system-err>
</testsuite>
