<?xml version="1.0" encoding="UTF-8"?>
<testsuite name="com.telek.tests.numbers.ComplexNumberTest" tests="1" skipped="0" failures="0" errors="0" timestamp="2022-01-20T15:11:15" hostname="TUNERIKGEZGINI" time="0.001">
  <properties/>
  <testcase name="complexNumTest()" classname="com.telek.tests.numbers.ComplexNumberTest" time="0.001"/>
  <system-out><![CDATA[]]></system-out>
  <system-err><![CDATA[]]></system-err>
</testsuite>
