<?xml version="1.0" encoding="UTF-8"?>
<testsuite name="com.telek.tests.dists.TDistTest" tests="4" skipped="0" failures="0" errors="0" timestamp="2022-05-17T19:26:51" hostname="TUNERIKGEZGINI" time="2.439">
  <properties/>
  <testcase name="invCumLeftTailed" classname="com.telek.tests.dists.TDistTest" time="2.182"/>
  <testcase name="invCumRightTailed" classname="com.telek.tests.dists.TDistTest" time="0.0"/>
  <testcase name="cumProbTest" classname="com.telek.tests.dists.TDistTest" time="0.155"/>
  <testcase name="densityTest" classname="com.telek.tests.dists.TDistTest" time="0.101"/>
  <system-out><![CDATA[]]></system-out>
  <system-err><![CDATA[]]></system-err>
</testsuite>
