<?xml version="1.0" encoding="UTF-8"?>
<testsuite name="com.telek.tests.NumericalAnalysisTest" tests="1" skipped="0" failures="0" errors="0" timestamp="2021-12-01T19:46:47" hostname="TUNERIKGEZGINI" time="0.002">
  <properties/>
  <testcase name="numAnalTest()" classname="com.telek.tests.NumericalAnalysisTest" time="0.002"/>
  <system-out><![CDATA[]]></system-out>
  <system-err><![CDATA[]]></system-err>
</testsuite>
