<?xml version="1.0" encoding="UTF-8"?>
<testsuite name="com.telek.tests.unittests.functions.TPolyTest" tests="1" skipped="0" failures="0" errors="0" timestamp="2021-11-07T18:24:14" hostname="TUNERIKGEZGINI" time="0.023">
  <properties/>
  <testcase name="polyTest()" classname="com.telek.tests.unittests.functions.TPolyTest" time="0.023"/>
  <system-out><![CDATA[ --- 1.0 + 10.000 x - 1.000 x^2 + 1.000 x^3
  --- 10.0 
 ### 11.0 + 10.000 x - 1.000 x^2 + 1.000 x^3


 --- 1.0 + 10.000 x - 1.000 x^2 + 1.000 x^3
  --- 100.000 x^10 
 ### 1.0 + 10.000 x - 1.000 x^2 + 1.000 x^3 + 100.000 x^10


 --- 1.0 + 10.000 x - 1.000 x^2 + 1.000 x^3
  --- 2.000 x^2 
 ### 1.0 + 10.000 x + 1.000 x^2 + 1.000 x^3


 --- 10.0
  --- 100.000 x^10 
 ### 10.0 + 100.000 x^10


 --- 10.0
  --- 2.000 x^2 
 ### 10.0 + 2.000 x^2


 --- 100.000 x^10
  --- 2.000 x^2 
 ### 2.000 x^2 + 100.000 x^10


 --- 1.0 + 10.000 x - 1.000 x^2 + 1.000 x^3
  --- 10.0 
 ### 10.0 + 100.000 x - 10.000 x^2 + 10.000 x^3


 --- 1.0 + 10.000 x - 1.000 x^2 + 1.000 x^3
  --- 100.000 x^10 
 ### 100.000 x^10 + 1000.000 x^11 - 100.000 x^12 + 100.000 x^13


 --- 1.0 + 10.000 x - 1.000 x^2 + 1.000 x^3
  --- 2.000 x^2 
 ### 2.000 x^2 + 20.000 x^3 - 2.000 x^4 + 2.000 x^5


 --- 10.0
  --- 100.000 x^10 
 ### 1000.000 x^10


 --- 10.0
  --- 2.000 x^2 
 ### 20.000 x^2


 --- 100.000 x^10
  --- 2.000 x^2 
 ### 200.000 x^12


]]></system-out>
  <system-err><![CDATA[]]></system-err>
</testsuite>
