<?xml version="1.0" encoding="UTF-8"?>
<testsuite name="com.telek.tests.geometry.TVector2DTest" tests="1" skipped="0" failures="0" errors="0" timestamp="2022-02-02T21:12:35" hostname="TUNERIKGEZGINI" time="0.0">
  <properties/>
  <testcase name="tvec2dTest" classname="com.telek.tests.geometry.TVector2DTest" time="0.0"/>
  <system-out><![CDATA[]]></system-out>
  <system-err><![CDATA[]]></system-err>
</testsuite>
