<?xml version="1.0" encoding="UTF-8"?>
<testsuite name="com.twistral.tests.zsingle.LinearAlgebraTest" tests="1" skipped="0" failures="0" errors="0" timestamp="2022-07-05T00:18:52" hostname="TUNERIKGEZGINI" time="0.0">
  <properties/>
  <testcase name="tmatNTest" classname="com.twistral.tests.zsingle.LinearAlgebraTest" time="0.0"/>
  <system-out><![CDATA[[1.0, 2.0, -3.0]
]]></system-out>
  <system-err><![CDATA[]]></system-err>
</testsuite>
