<?xml version="1.0" encoding="UTF-8"?>
<testsuite name="com.telek.tests.functions.FuncTest" tests="2" skipped="0" failures="0" errors="0" timestamp="2022-03-20T12:24:28" hostname="TUNERIKGEZGINI" time="0.005">
  <properties/>
  <testcase name="amnTest" classname="com.telek.tests.functions.FuncTest" time="0.002"/>
  <testcase name="tfunctionTest" classname="com.telek.tests.functions.FuncTest" time="0.003"/>
  <system-out><![CDATA[]]></system-out>
  <system-err><![CDATA[]]></system-err>
</testsuite>
