<?xml version="1.0" encoding="UTF-8"?>
<testsuite name="com.telek.tests.geometry.TVec3Test" tests="2" skipped="0" failures="0" errors="0" timestamp="2022-05-17T19:26:54" hostname="TUNERIKGEZGINI" time="0.002">
  <properties/>
  <testcase name="oldPoint3dTest" classname="com.telek.tests.geometry.TVec3Test" time="0.001"/>
  <testcase name="tvec3dTest" classname="com.telek.tests.geometry.TVec3Test" time="0.001"/>
  <system-out><![CDATA[]]></system-out>
  <system-err><![CDATA[]]></system-err>
</testsuite>
