<?xml version="1.0" encoding="UTF-8"?>
<testsuite name="com.telek.tests.stats.FreqDistTableTest" tests="3" skipped="0" failures="0" errors="0" timestamp="2022-02-11T22:53:08" hostname="TUNERIKGEZGINI" time="0.032">
  <properties/>
  <testcase name="freqTablePrimiteWithoutConversionTest" classname="com.telek.tests.stats.FreqDistTableTest" time="0.025"/>
  <testcase name="freqTableGenericTest" classname="com.telek.tests.stats.FreqDistTableTest" time="0.001"/>
  <testcase name="freqTablePrimiteWithConversionTest" classname="com.telek.tests.stats.FreqDistTableTest" time="0.005"/>
  <system-out><![CDATA[]]></system-out>
  <system-err><![CDATA[]]></system-err>
</testsuite>
