<?xml version="1.0" encoding="UTF-8"?>
<testsuite name="com.telek.tests.stats.FrequencyDistTableTest" tests="1" skipped="0" failures="0" errors="0" timestamp="2022-01-26T23:36:00" hostname="TUNERIKGEZGINI" time="0.015">
  <properties/>
  <testcase name="freqDistTable" classname="com.telek.tests.stats.FrequencyDistTableTest" time="0.015"/>
  <system-out><![CDATA[8.0
]]></system-out>
  <system-err><![CDATA[]]></system-err>
</testsuite>
