<?xml version="1.0" encoding="UTF-8"?>
<testsuite name="com.telek.tests.matrices.JOMLvsTelek" tests="2" skipped="0" failures="0" errors="0" timestamp="2022-05-22T19:34:23" hostname="TUNERIKGEZGINI" time="10.645">
  <properties/>
  <testcase name="mat2Test" classname="com.telek.tests.matrices.JOMLvsTelek" time="4.364"/>
  <testcase name="mat3Test" classname="com.telek.tests.matrices.JOMLvsTelek" time="6.281"/>
  <system-out><![CDATA[Telek:
DataDescription{mode=Mode{value=0.0, count=1.3956288E7}, count=2.0E7, mean=3.183150499604377E-5, sum=636.6300999208754, interquartileRange=1.0E-4, sampleVariance=1.6737576820668496E-5, variance=1.6737575983789658E-5, sampleStddev=0.004091158371496818, median=0.0, quartile1=0.0, quartile2=0.0, quartile3=1.0E-4, min=0.0, max=18.287, range=18.287, stddev=0.004091158269217858, pearsonSkewCoef=0.023341681916008546, bowleySkewCoef=1.0}

JOML:
DataDescription{mode=Mode{value=0.0, count=1.3410854E7}, count=2.0E7, mean=3.3792099995365854E-5, sum=675.841999907317, interquartileRange=1.0E-4, sampleVariance=1.6666202331111488E-7, variance=1.6666201497801371E-7, sampleStddev=4.082426034983547E-4, median=0.0, quartile1=0.0, quartile2=0.0, quartile3=1.0E-4, min=0.0, max=1.8072, range=1.8072, stddev=4.082425932922895E-4, pearsonSkewCoef=0.24832367237466368, bowleySkewCoef=1.0}
Telek:
DataDescription{mode=Mode{value=1.0E-4, count=1.0531914E7}, count=2.0E7, mean=5.986208999006808E-5, sum=1197.2417998013616, interquartileRange=1.0E-4, sampleVariance=4.8017054253033765E-5, variance=4.801705185218105E-5, sampleStddev=0.0069294339056689015, median=1.0E-4, quartile1=0.0, quartile2=1.0E-4, quartile3=1.0E-4, min=0.0, max=9.1536, range=9.1536, stddev=0.006929433732433051, pearsonSkewCoef=-0.017377138548306213, bowleySkewCoef=-1.0}

JOML:
DataDescription{mode=Mode{value=1.0E-4, count=1.0271623E7}, count=2.0E7, mean=5.988615499043261E-5, sum=1197.7230998086523, interquartileRange=1.0E-4, sampleVariance=3.5250372843112466E-4, variance=3.5250371080593825E-4, sampleStddev=0.018775082647784127, median=1.0E-4, quartile1=0.0, quartile2=1.0E-4, quartile3=1.0E-4, min=0.0, max=80.9382, range=80.9382, stddev=0.018775082178407055, pearsonSkewCoef=-0.00640964092115161, bowleySkewCoef=-1.0}
]]></system-out>
  <system-err><![CDATA[]]></system-err>
</testsuite>
