<?xml version="1.0" encoding="UTF-8"?>
<testsuite name="com.telek.tests.stats.sampling.SamplingTest" tests="3" skipped="0" failures="0" errors="0" timestamp="2022-02-19T02:47:24" hostname="TUNERIKGEZGINI" time="0.004">
  <properties/>
  <testcase name="samplingTestPrimitiveFloat" classname="com.telek.tests.stats.sampling.SamplingTest" time="0.003"/>
  <testcase name="samplingTestClass" classname="com.telek.tests.stats.sampling.SamplingTest" time="0.0"/>
  <testcase name="samplingTestPrimitiveINT" classname="com.telek.tests.stats.sampling.SamplingTest" time="0.0"/>
  <system-out><![CDATA[[176.0, 203.0, 192.0, 190.0, 167.0, 176.0, 172.0, 176.0, 160.0, 165.0, 171.0, 173.0, 178.0, 170.0, 180.0]
[172.0, 162.0, 176.0, 180.0, 176.0, 182.0, 176.0, 176.0, 166.0, 158.0]
[Lcom.telek.tests.stats.exampledata.Person;@61850186
[Lcom.telek.tests.stats.exampledata.Person;@362bb859
[160, 158, 165, 177, 176, 192, 180, 167, 182, 176, 180, 178, 171, 180, 176]
[180, 176, 182, 176, 176, 166, 158, 183, 165, 188]
]]></system-out>
  <system-err><![CDATA[]]></system-err>
</testsuite>
