<?xml version="1.0" encoding="UTF-8"?>
<testsuite name="com.telek.tests.matrices.TMatrixTest" tests="1" skipped="0" failures="0" errors="0" timestamp="2022-01-23T01:31:51" hostname="TUNERIKGEZGINI" time="0.005">
  <properties/>
  <testcase name="matrixTest" classname="com.telek.tests.matrices.TMatrixTest" time="0.005"/>
  <system-out><![CDATA[]]></system-out>
  <system-err><![CDATA[]]></system-err>
</testsuite>
