<?xml version="1.0" encoding="UTF-8"?>
<testsuite name="com.telek.tests.dists.ContDistTest" tests="1" skipped="0" failures="0" errors="0" timestamp="2022-02-01T21:48:06" hostname="TUNERIKGEZGINI" time="0.031">
  <properties/>
  <testcase name="contDistTest" classname="com.telek.tests.dists.ContDistTest" time="0.031"/>
  <system-out><![CDATA[]]></system-out>
  <system-err><![CDATA[]]></system-err>
</testsuite>
