<?xml version="1.0" encoding="UTF-8"?>
<testsuite name="com.telek.tests.stats.ChiSqTestsTest" tests="1" skipped="0" failures="0" errors="0" timestamp="2022-02-19T02:47:24" hostname="TUNERIKGEZGINI" time="0.0">
  <properties/>
  <testcase name="chiSqTests" classname="com.telek.tests.stats.ChiSqTestsTest" time="0.0"/>
  <system-out><![CDATA[]]></system-out>
  <system-err><![CDATA[]]></system-err>
</testsuite>
