<?xml version="1.0" encoding="UTF-8"?>
<testsuite name="com.twistral.tests.stats.hypo.HypothesisTwoVarTest" tests="2" skipped="0" failures="0" errors="0" timestamp="2022-07-05T00:18:52" hostname="TUNERIKGEZGINI" time="0.001">
  <properties/>
  <testcase name="differenceOfMeansTest" classname="com.twistral.tests.stats.hypo.HypothesisTwoVarTest" time="0.0"/>
  <testcase name="differenceOfProportionsTest" classname="com.twistral.tests.stats.hypo.HypothesisTwoVarTest" time="0.0"/>
  <system-out><![CDATA[]]></system-out>
  <system-err><![CDATA[]]></system-err>
</testsuite>
