<?xml version="1.0" encoding="UTF-8"?>
<testsuite name="com.telek.tests.CryptoTest" tests="1" skipped="0" failures="0" errors="0" timestamp="2021-12-01T19:46:46" hostname="TUNERIKGEZGINI" time="0.017">
  <properties/>
  <testcase name="cryptoTest()" classname="com.telek.tests.CryptoTest" time="0.017"/>
  <system-out><![CDATA[]]></system-out>
  <system-err><![CDATA[]]></system-err>
</testsuite>
