<?xml version="1.0" encoding="UTF-8"?>
<testsuite name="com.telek.tests.stats.DataDescriptionTest" tests="5" skipped="0" failures="0" errors="0" timestamp="2022-02-08T21:29:56" hostname="TUNERIKGEZGINI" time="0.171">
  <properties/>
  <testcase name="dataDescGenericTest" classname="com.telek.tests.stats.DataDescriptionTest" time="0.002"/>
  <testcase name="randomTest1" classname="com.telek.tests.stats.DataDescriptionTest" time="0.015"/>
  <testcase name="randomTest2" classname="com.telek.tests.stats.DataDescriptionTest" time="0.006"/>
  <testcase name="dataDescPrimitiveTest" classname="com.telek.tests.stats.DataDescriptionTest" time="0.003"/>
  <testcase name="noiseTest1" classname="com.telek.tests.stats.DataDescriptionTest" time="0.145"/>
  <system-out><![CDATA[]]></system-out>
  <system-err><![CDATA[]]></system-err>
</testsuite>
