<?xml version="1.0" encoding="UTF-8"?>
<testsuite name="com.twistral.tests.stats.desc.DataDescriptionTest" tests="5" skipped="0" failures="0" errors="0" timestamp="2022-07-05T00:18:51" hostname="TUNERIKGEZGINI" time="0.165">
  <properties/>
  <testcase name="dataDescGenericTest" classname="com.twistral.tests.stats.desc.DataDescriptionTest" time="0.0"/>
  <testcase name="randomTest1" classname="com.twistral.tests.stats.desc.DataDescriptionTest" time="0.015"/>
  <testcase name="dataDescPrimitiveTest" classname="com.twistral.tests.stats.desc.DataDescriptionTest" time="0.0"/>
  <testcase name="noiseTest1" classname="com.twistral.tests.stats.desc.DataDescriptionTest" time="0.149"/>
  <testcase name="dataDescPrimitiveWithoutConversionTest" classname="com.twistral.tests.stats.desc.DataDescriptionTest" time="0.0"/>
  <system-out><![CDATA[]]></system-out>
  <system-err><![CDATA[]]></system-err>
</testsuite>
