<?xml version="1.0" encoding="UTF-8"?>
<testsuite name="com.telek.tests.dists.ChiSqDistTest" tests="1" skipped="0" failures="0" errors="0" timestamp="2022-02-10T16:17:08" hostname="TUNERIKGEZGINI" time="0.03">
  <properties/>
  <testcase name="test" classname="com.telek.tests.dists.ChiSqDistTest" time="0.03"/>
  <system-out><![CDATA[0.41174190383236026
]]></system-out>
  <system-err><![CDATA[]]></system-err>
</testsuite>
