<?xml version="1.0" encoding="UTF-8"?>
<testsuite name="com.telek.tests.stats.SamplingTest" tests="3" skipped="0" failures="0" errors="0" timestamp="2022-02-10T00:06:34" hostname="TUNERIKGEZGINI" time="0.003">
  <properties/>
  <testcase name="samplingTestPrimitiveFloat" classname="com.telek.tests.stats.SamplingTest" time="0.001"/>
  <testcase name="samplingTestClass" classname="com.telek.tests.stats.SamplingTest" time="0.0"/>
  <testcase name="samplingTestPrimitiveINT" classname="com.telek.tests.stats.SamplingTest" time="0.001"/>
  <system-out><![CDATA[[176.0, 180.0, 166.0, 182.0, 176.0, 203.0, 171.0, 176.0, 158.0, 160.0, 172.0, 167.0, 170.0, 192.0, 177.0]
[158.0, 183.0, 165.0, 188.0, 177.0, 178.0, 170.0, 180.0, 170.0, 180.0]
[Lcom.telek.tests.stats.Person;@4f85a367
[Lcom.telek.tests.stats.Person;@19606d22
[176, 176, 188, 180, 180, 170, 167, 177, 192, 176, 160, 171, 162, 203, 180]
[183, 165, 188, 177, 178, 170, 180, 170, 180, 190]
]]></system-out>
  <system-err><![CDATA[]]></system-err>
</testsuite>
