<?xml version="1.0" encoding="UTF-8"?>
<testsuite name="com.telek.tests.zsingle.IAFTest" tests="1" skipped="0" failures="0" errors="0" timestamp="2022-03-20T12:24:28" hostname="TUNERIKGEZGINI" time="0.001">
  <properties/>
  <testcase name="iafTest" classname="com.telek.tests.zsingle.IAFTest" time="0.001"/>
  <system-out><![CDATA[10.000000 * nCr(n,0) + 10.000000 * nCr(n,1)
3.141593 * nCr(n,0) + -0.423311 * nCr(n,1) + -0.676937 * nCr(n,2)
789.000000 * nCr(n,0) + 29025.000000 * nCr(n,1) + -28189.000000 * nCr(n,2) + 481554.000000 * nCr(n,3) + -1281990.000000 * nCr(n,4)
1.000000 * nCr(n,0) + 3.000000 * nCr(n,1) + 2.000000 * nCr(n,2)
]]></system-out>
  <system-err><![CDATA[]]></system-err>
</testsuite>
