<?xml version="1.0" encoding="UTF-8"?>
<testsuite name="com.telek.tests.dists.TDistTest" tests="1" skipped="0" failures="0" errors="0" timestamp="2022-02-05T23:48:13" hostname="TUNERIKGEZGINI" time="0.031">
  <properties/>
  <testcase name="tDistTest" classname="com.telek.tests.dists.TDistTest" time="0.031"/>
  <system-out><![CDATA[-2.306004135204205
]]></system-out>
  <system-err><![CDATA[]]></system-err>
</testsuite>
