<?xml version="1.0" encoding="UTF-8"?>
<testsuite name="com.telek.tests.functions.FuncEqualityTest" tests="2" skipped="0" failures="0" errors="0" timestamp="2022-03-20T12:24:28" hostname="TUNERIKGEZGINI" time="0.009">
  <properties/>
  <testcase name="otherFuncTest" classname="com.telek.tests.functions.FuncEqualityTest" time="0.004"/>
  <testcase name="amnFuncTest" classname="com.telek.tests.functions.FuncEqualityTest" time="0.005"/>
  <system-out><![CDATA[]]></system-out>
  <system-err><![CDATA[]]></system-err>
</testsuite>
