<?xml version="1.0" encoding="UTF-8"?>
<testsuite name="com.telek.tests.NumericalAnalysisTest" tests="1" skipped="0" failures="0" errors="0" timestamp="2021-11-30T16:23:04" hostname="TUNERIKGEZGINI" time="0.019">
  <properties/>
  <testcase name="numAnalTest()" classname="com.telek.tests.NumericalAnalysisTest" time="0.019"/>
  <system-out><![CDATA[]]></system-out>
  <system-err><![CDATA[]]></system-err>
</testsuite>
