<?xml version="1.0" encoding="UTF-8"?>
<testsuite name="com.telek.tests.stats.sampling.SamplingTest" tests="1" skipped="0" failures="0" errors="0" timestamp="2022-04-02T11:40:21" hostname="TUNERIKGEZGINI" time="0.015">
  <properties/>
  <testcase name="Test Name" classname="com.telek.tests.stats.sampling.SamplingTest" time="0.015"/>
  <system-out><![CDATA[[3.0, 6.0]
]]></system-out>
  <system-err><![CDATA[]]></system-err>
</testsuite>
