<?xml version="1.0" encoding="UTF-8"?>
<testsuite name="com.telek.tests.zsingle.NumericalAnalysisTest" tests="1" skipped="0" failures="0" errors="0" timestamp="2022-02-06T00:56:56" hostname="TUNERIKGEZGINI" time="0.003">
  <properties/>
  <testcase name="numAnalTest" classname="com.telek.tests.zsingle.NumericalAnalysisTest" time="0.003"/>
  <system-out><![CDATA[]]></system-out>
  <system-err><![CDATA[]]></system-err>
</testsuite>
