<?xml version="1.0" encoding="UTF-8"?>
<testsuite name="com.telek.tests.dists.ChiSqDistTest" tests="2" skipped="0" failures="0" errors="0" timestamp="2022-02-08T21:29:54" hostname="TUNERIKGEZGINI" time="0.624">
  <properties/>
  <testcase name="cumProbTest" classname="com.telek.tests.dists.ChiSqDistTest" time="0.612"/>
  <testcase name="densityTest" classname="com.telek.tests.dists.ChiSqDistTest" time="0.011"/>
  <system-out><![CDATA[]]></system-out>
  <system-err><![CDATA[]]></system-err>
</testsuite>
