<?xml version="1.0" encoding="UTF-8"?>
<testsuite name="com.telek.tests.stats.sampling.SamplingTest" tests="3" skipped="0" failures="0" errors="0" timestamp="2022-02-21T23:48:19" hostname="TUNERIKGEZGINI" time="0.006">
  <properties/>
  <testcase name="samplingTestPrimitiveFloat" classname="com.telek.tests.stats.sampling.SamplingTest" time="0.004"/>
  <testcase name="samplingTestClass" classname="com.telek.tests.stats.sampling.SamplingTest" time="0.001"/>
  <testcase name="samplingTestPrimitiveINT" classname="com.telek.tests.stats.sampling.SamplingTest" time="0.001"/>
  <system-out><![CDATA[[177.0, 158.0, 183.0, 165.0, 176.0, 176.0, 170.0, 166.0, 162.0, 180.0, 178.0, 176.0, 180.0, 172.0, 171.0]
[176.0, 176.0, 166.0, 158.0, 183.0, 165.0, 188.0, 177.0, 178.0, 170.0]
[Lcom.telek.tests.stats.exampledata.Person;@6402c5a2
[Lcom.telek.tests.stats.exampledata.Person;@1d5e374d
[173, 167, 160, 176, 171, 190, 192, 188, 176, 158, 165, 176, 178, 176, 172]
[182, 176, 176, 166, 158, 183, 165, 188, 177, 178]
]]></system-out>
  <system-err><![CDATA[]]></system-err>
</testsuite>
