<?xml version="1.0" encoding="UTF-8"?>
<testsuite name="com.telek.tests.matrices.TMatrixTest" tests="2" skipped="0" failures="0" errors="0" timestamp="2022-03-05T19:50:24" hostname="TUNERIKGEZGINI" time="0.006">
  <properties/>
  <testcase name="matrixTest" classname="com.telek.tests.matrices.TMatrixTest" time="0.004"/>
  <testcase name="differentTypeArray2Tests" classname="com.telek.tests.matrices.TMatrixTest" time="0.002"/>
  <system-out><![CDATA[]]></system-out>
  <system-err><![CDATA[]]></system-err>
</testsuite>
