<?xml version="1.0" encoding="UTF-8"?>
<testsuite name="com.telek.tests.zsingle.LinearAlgebraTest" tests="1" skipped="0" failures="0" errors="0" timestamp="2022-06-07T17:49:05" hostname="TUNERIKGEZGINI" time="0.001">
  <properties/>
  <testcase name="tmatNTest" classname="com.telek.tests.zsingle.LinearAlgebraTest" time="0.001"/>
  <system-out><![CDATA[[1.0, 2.0, -3.0]
]]></system-out>
  <system-err><![CDATA[]]></system-err>
</testsuite>
