<?xml version="1.0" encoding="UTF-8"?>
<testsuite name="com.telek.tests.dists.DiscreteDistributionTest" tests="1" skipped="0" failures="0" errors="0" timestamp="2022-03-20T12:24:25" hostname="TUNERIKGEZGINI" time="0.002">
  <properties/>
  <testcase name="discDistTest" classname="com.telek.tests.dists.DiscreteDistributionTest" time="0.002"/>
  <system-out><![CDATA[]]></system-out>
  <system-err><![CDATA[]]></system-err>
</testsuite>
