<?xml version="1.0" encoding="UTF-8"?>
<testsuite name="com.telek.tests.zsingle.TArraysTest" tests="2" skipped="0" failures="0" errors="0" timestamp="2022-02-21T23:51:36" hostname="TUNERIKGEZGINI" time="0.003">
  <properties/>
  <testcase name="copyOfTest" classname="com.telek.tests.zsingle.TArraysTest" time="0.001"/>
  <testcase name="castTest" classname="com.telek.tests.zsingle.TArraysTest" time="0.001"/>
  <system-out><![CDATA[]]></system-out>
  <system-err><![CDATA[]]></system-err>
</testsuite>
