<?xml version="1.0" encoding="UTF-8"?>
<testsuite name="com.telek.tests.unittests.functions.TRangeTest" tests="2" skipped="0" failures="0" errors="0" timestamp="2021-11-07T18:24:14" hostname="TUNERIKGEZGINI" time="0.004">
  <properties/>
  <testcase name="_toString()" classname="com.telek.tests.unittests.functions.TRangeTest" time="0.003"/>
  <testcase name="size()" classname="com.telek.tests.unittests.functions.TRangeTest" time="0.0"/>
  <system-out><![CDATA[]]></system-out>
  <system-err><![CDATA[]]></system-err>
</testsuite>
