<?xml version="1.0" encoding="UTF-8"?>
<testsuite name="com.telek.tests.dists.ChiSqDistTest" tests="2" skipped="0" failures="0" errors="0" timestamp="2022-02-10T00:06:32" hostname="TUNERIKGEZGINI" time="0.178">
  <properties/>
  <testcase name="cumProbTest" classname="com.telek.tests.dists.ChiSqDistTest" time="0.169"/>
  <testcase name="densityTest" classname="com.telek.tests.dists.ChiSqDistTest" time="0.009"/>
  <system-out><![CDATA[]]></system-out>
  <system-err><![CDATA[]]></system-err>
</testsuite>
