<?xml version="1.0" encoding="UTF-8"?>
<testsuite name="com.telek.tests.numbers.FractionTest" tests="1" skipped="0" failures="0" errors="0" timestamp="2022-02-21T23:48:18" hostname="TUNERIKGEZGINI" time="0.002">
  <properties/>
  <testcase name="fracTest" classname="com.telek.tests.numbers.FractionTest" time="0.002"/>
  <system-out><![CDATA[]]></system-out>
  <system-err><![CDATA[]]></system-err>
</testsuite>
