<?xml version="1.0" encoding="UTF-8"?>
<testsuite name="com.telek.tests.stats.sampling.SamplingTest" tests="3" skipped="0" failures="0" errors="0" timestamp="2022-06-07T17:49:05" hostname="TUNERIKGEZGINI" time="0.003">
  <properties/>
  <testcase name="samplingTestPrimitiveFloat" classname="com.telek.tests.stats.sampling.SamplingTest" time="0.001"/>
  <testcase name="samplingTestClass" classname="com.telek.tests.stats.sampling.SamplingTest" time="0.001"/>
  <testcase name="samplingTestPrimitiveINT" classname="com.telek.tests.stats.sampling.SamplingTest" time="0.001"/>
  <system-out><![CDATA[[183.0, 172.0, 170.0, 182.0, 176.0, 176.0, 176.0, 178.0, 170.0, 166.0, 180.0, 160.0, 203.0, 167.0, 158.0]
[160.0, 172.0, 162.0, 176.0, 180.0, 176.0, 182.0, 176.0, 176.0, 166.0]
[Lcom.telek.tests.stats.exampledata.Person;@6786bbc
[Lcom.telek.tests.stats.exampledata.Person;@247439a6
[170, 180, 182, 160, 170, 162, 176, 180, 173, 183, 177, 165, 176, 192, 190]
[160, 172, 162, 176, 180, 176, 182, 176, 176, 166]
]]></system-out>
  <system-err><![CDATA[]]></system-err>
</testsuite>
