<?xml version="1.0" encoding="UTF-8"?>
<testsuite name="com.telek.tests.stats.DataDescriptionTest" tests="1" skipped="0" failures="0" errors="0" timestamp="2022-01-27T23:54:15" hostname="TUNERIKGEZGINI" time="0.02">
  <properties/>
  <testcase name="dataDescriptionTest" classname="com.telek.tests.stats.DataDescriptionTest" time="0.02"/>
  <system-out><![CDATA[3.489877301816236
]]></system-out>
  <system-err><![CDATA[]]></system-err>
</testsuite>
