<?xml version="1.0" encoding="UTF-8"?>
<testsuite name="com.telek.tests.stats.confidenceint.ConfidenceIntervalTest" tests="3" skipped="0" failures="0" errors="0" timestamp="2022-02-12T20:40:35" hostname="TUNERIKGEZGINI" time="0.029">
  <properties/>
  <testcase name="meanSingleVariableTest" classname="com.telek.tests.stats.confidenceint.ConfidenceIntervalTest" time="0.023"/>
  <testcase name="proportionsSingleVariableTest" classname="com.telek.tests.stats.confidenceint.ConfidenceIntervalTest" time="0.002"/>
  <testcase name="varianceSingleVariableTest" classname="com.telek.tests.stats.confidenceint.ConfidenceIntervalTest" time="0.003"/>
  <system-out><![CDATA[]]></system-out>
  <system-err><![CDATA[]]></system-err>
</testsuite>
