<?xml version="1.0" encoding="UTF-8"?>
<testsuite name="com.telek.tests.stats.confidenceint.ConfIntervalTwoVariableTest" tests="3" skipped="0" failures="0" errors="0" timestamp="2022-02-14T21:57:48" hostname="TUNERIKGEZGINI" time="0.002">
  <properties/>
  <testcase name="meanKnownVarianceTest" classname="com.telek.tests.stats.confidenceint.ConfIntervalTwoVariableTest" time="0.0"/>
  <testcase name="proportionsTwoVariableTest" classname="com.telek.tests.stats.confidenceint.ConfIntervalTwoVariableTest" time="0.0"/>
  <testcase name="meanUnknownVarianceTest" classname="com.telek.tests.stats.confidenceint.ConfIntervalTwoVariableTest" time="0.0"/>
  <system-out><![CDATA[]]></system-out>
  <system-err><![CDATA[]]></system-err>
</testsuite>
