<?xml version="1.0" encoding="UTF-8"?>
<testsuite name="com.telek.tests.stats.sampling.SamplingTest" tests="3" skipped="0" failures="0" errors="0" timestamp="2022-05-17T19:26:54" hostname="TUNERIKGEZGINI" time="0.006">
  <properties/>
  <testcase name="samplingTestPrimitiveFloat" classname="com.telek.tests.stats.sampling.SamplingTest" time="0.005"/>
  <testcase name="samplingTestClass" classname="com.telek.tests.stats.sampling.SamplingTest" time="0.001"/>
  <testcase name="samplingTestPrimitiveINT" classname="com.telek.tests.stats.sampling.SamplingTest" time="0.0"/>
  <system-out><![CDATA[[158.0, 172.0, 203.0, 170.0, 180.0, 173.0, 178.0, 176.0, 192.0, 177.0, 190.0, 165.0, 160.0, 182.0, 170.0]
[165.0, 188.0, 177.0, 178.0, 170.0, 180.0, 170.0, 180.0, 190.0, 173.0]
[Lcom.telek.tests.stats.exampledata.Person;@25b4fe9c
[Lcom.telek.tests.stats.exampledata.Person;@5cfd61c9
[176, 176, 176, 182, 192, 176, 178, 162, 171, 188, 203, 183, 160, 166, 167]
[180, 176, 182, 176, 176, 166, 158, 183, 165, 188]
]]></system-out>
  <system-err><![CDATA[]]></system-err>
</testsuite>
