<?xml version="1.0" encoding="UTF-8"?>
<testsuite name="com.twistral.tests.stats.SimpleRegressionTest" tests="1" skipped="0" failures="0" errors="0" timestamp="2022-07-05T00:18:52" hostname="TUNERIKGEZGINI" time="0.006">
  <properties/>
  <testcase name="regressionTest" classname="com.twistral.tests.stats.SimpleRegressionTest" time="0.006"/>
  <system-out><![CDATA[]]></system-out>
  <system-err><![CDATA[]]></system-err>
</testsuite>
