<?xml version="1.0" encoding="UTF-8"?>
<testsuite name="com.telek.tests.stats.StatsEqualityTest" tests="1" skipped="0" failures="0" errors="0" timestamp="2022-05-17T19:26:54" hostname="TUNERIKGEZGINI" time="0.0">
  <properties/>
  <testcase name="eqTest" classname="com.telek.tests.stats.StatsEqualityTest" time="0.0"/>
  <system-out><![CDATA[]]></system-out>
  <system-err><![CDATA[]]></system-err>
</testsuite>
