<?xml version="1.0" encoding="UTF-8"?>
<testsuite name="com.telek.tests.dists.ChiSqDistTest" tests="4" skipped="0" failures="0" errors="0" timestamp="2022-07-03T14:41:15" hostname="TUNERIKGEZGINI" time="2.063">
  <properties/>
  <testcase name="invCumLeftTailed" classname="com.telek.tests.dists.ChiSqDistTest" time="0.183"/>
  <testcase name="invCumRightTailed" classname="com.telek.tests.dists.ChiSqDistTest" time="0.002"/>
  <testcase name="cumProbTest" classname="com.telek.tests.dists.ChiSqDistTest" time="1.814"/>
  <testcase name="densityTest" classname="com.telek.tests.dists.ChiSqDistTest" time="0.063"/>
  <system-out><![CDATA[]]></system-out>
  <system-err><![CDATA[]]></system-err>
</testsuite>
