<?xml version="1.0" encoding="UTF-8"?>
<testsuite name="com.twistral.tests.stats.confidenceint.ConfIntervalSingleVariableTest" tests="4" skipped="0" failures="0" errors="0" timestamp="2022-07-05T00:18:51" hostname="TUNERIKGEZGINI" time="0.014">
  <properties/>
  <testcase name="meanSingleVariableTest" classname="com.twistral.tests.stats.confidenceint.ConfIntervalSingleVariableTest" time="0.007"/>
  <testcase name="proportionsSingleVariableTest" classname="com.twistral.tests.stats.confidenceint.ConfIntervalSingleVariableTest" time="0.005"/>
  <testcase name="varianceSingleVariableTest" classname="com.twistral.tests.stats.confidenceint.ConfIntervalSingleVariableTest" time="0.0"/>
  <testcase name="forPersonDataTest" classname="com.twistral.tests.stats.confidenceint.ConfIntervalSingleVariableTest" time="0.001"/>
  <system-out><![CDATA[]]></system-out>
  <system-err><![CDATA[]]></system-err>
</testsuite>
