<?xml version="1.0" encoding="UTF-8"?>
<testsuite name="com.twistral.tests.zsingle.TArraysTest" tests="2" skipped="0" failures="0" errors="0" timestamp="2022-07-05T00:18:52" hostname="TUNERIKGEZGINI" time="0.003">
  <properties/>
  <testcase name="copyOfTest" classname="com.twistral.tests.zsingle.TArraysTest" time="0.001"/>
  <testcase name="castTest" classname="com.twistral.tests.zsingle.TArraysTest" time="0.002"/>
  <system-out><![CDATA[]]></system-out>
  <system-err><![CDATA[]]></system-err>
</testsuite>
