<?xml version="1.0" encoding="UTF-8"?>
<testsuite name="com.twistral.tests.dists.TDistTest" tests="4" skipped="0" failures="0" errors="0" timestamp="2022-07-05T00:18:48" hostname="TUNERIKGEZGINI" time="2.415">
  <properties/>
  <testcase name="invCumLeftTailed" classname="com.twistral.tests.dists.TDistTest" time="2.163"/>
  <testcase name="invCumRightTailed" classname="com.twistral.tests.dists.TDistTest" time="0.0"/>
  <testcase name="cumProbTest" classname="com.twistral.tests.dists.TDistTest" time="0.152"/>
  <testcase name="densityTest" classname="com.twistral.tests.dists.TDistTest" time="0.099"/>
  <system-out><![CDATA[]]></system-out>
  <system-err><![CDATA[]]></system-err>
</testsuite>
