<?xml version="1.0" encoding="UTF-8"?>
<testsuite name="com.telek.tests.matrices.TMat4Test" tests="1" skipped="0" failures="0" errors="0" timestamp="2022-07-03T14:41:21" hostname="TUNERIKGEZGINI" time="0.002">
  <properties/>
  <testcase name="allOperationsTest" classname="com.telek.tests.matrices.TMat4Test" time="0.002"/>
  <system-out><![CDATA[]]></system-out>
  <system-err><![CDATA[]]></system-err>
</testsuite>
