<?xml version="1.0" encoding="UTF-8"?>
<testsuite name="com.telek.tests.functions.FuncTest" tests="1" skipped="0" failures="0" errors="0" timestamp="2022-02-21T23:51:36" hostname="TUNERIKGEZGINI" time="0.008">
  <properties/>
  <testcase name="amnTest" classname="com.telek.tests.functions.FuncTest" time="0.008"/>
  <system-out><![CDATA[]]></system-out>
  <system-err><![CDATA[]]></system-err>
</testsuite>
