<?xml version="1.0" encoding="UTF-8"?>
<testsuite name="com.telek.tests.matrices.TMatrixUtilsTest" tests="1" skipped="0" failures="0" errors="0" timestamp="2022-02-12T13:21:24" hostname="TUNERIKGEZGINI" time="0.001">
  <properties/>
  <testcase name="matrixUtilsTest" classname="com.telek.tests.matrices.TMatrixUtilsTest" time="0.001"/>
  <system-out><![CDATA[]]></system-out>
  <system-err><![CDATA[]]></system-err>
</testsuite>
