<?xml version="1.0" encoding="UTF-8"?>
<testsuite name="com.telek.tests.functions.TPolynomialTest" tests="1" skipped="0" failures="0" errors="0" timestamp="2022-03-20T12:24:28" hostname="TUNERIKGEZGINI" time="0.001">
  <properties/>
  <testcase name="polyTest" classname="com.telek.tests.functions.TPolynomialTest" time="0.001"/>
  <system-out><![CDATA[]]></system-out>
  <system-err><![CDATA[]]></system-err>
</testsuite>
