<?xml version="1.0" encoding="UTF-8"?>
<testsuite name="com.telek.tests.dists.TDistTest" tests="4" skipped="0" failures="0" errors="0" timestamp="2022-02-19T02:47:22" hostname="TUNERIKGEZGINI" time="2.403">
  <properties/>
  <testcase name="invCumLeftTailed" classname="com.telek.tests.dists.TDistTest" time="2.147"/>
  <testcase name="invCumRightTailed" classname="com.telek.tests.dists.TDistTest" time="0.001"/>
  <testcase name="cumProbTest" classname="com.telek.tests.dists.TDistTest" time="0.153"/>
  <testcase name="densityTest" classname="com.telek.tests.dists.TDistTest" time="0.102"/>
  <system-out><![CDATA[]]></system-out>
  <system-err><![CDATA[]]></system-err>
</testsuite>
