<?xml version="1.0" encoding="UTF-8"?>
<testsuite name="com.telek.tests.matrices.TMatrixTest" tests="3" skipped="0" failures="0" errors="0" timestamp="2022-05-22T19:34:34" hostname="TUNERIKGEZGINI" time="0.007">
  <properties/>
  <testcase name="matrixTest" classname="com.telek.tests.matrices.TMatrixTest" time="0.004"/>
  <testcase name="differentTypeArray2Tests" classname="com.telek.tests.matrices.TMatrixTest" time="0.001"/>
  <testcase name="copyConstructorTest" classname="com.telek.tests.matrices.TMatrixTest" time="0.001"/>
  <system-out><![CDATA[]]></system-out>
  <system-err><![CDATA[]]></system-err>
</testsuite>
