<?xml version="1.0" encoding="UTF-8"?>
<testsuite name="com.telek.tests.stats.sampling.SamplingTest" tests="3" skipped="0" failures="0" errors="0" timestamp="2022-03-20T12:24:28" hostname="TUNERIKGEZGINI" time="0.005">
  <properties/>
  <testcase name="samplingTestPrimitiveFloat" classname="com.telek.tests.stats.sampling.SamplingTest" time="0.003"/>
  <testcase name="samplingTestClass" classname="com.telek.tests.stats.sampling.SamplingTest" time="0.0"/>
  <testcase name="samplingTestPrimitiveINT" classname="com.telek.tests.stats.sampling.SamplingTest" time="0.001"/>
  <system-out><![CDATA[[176.0, 166.0, 188.0, 176.0, 182.0, 176.0, 172.0, 180.0, 165.0, 177.0, 160.0, 173.0, 170.0, 203.0, 158.0]
[162.0, 176.0, 180.0, 176.0, 182.0, 176.0, 176.0, 166.0, 158.0, 183.0]
[Lcom.telek.tests.stats.exampledata.Person;@b83f10b
[Lcom.telek.tests.stats.exampledata.Person;@3af87bb4
[180, 180, 188, 183, 176, 178, 192, 173, 176, 203, 166, 165, 171, 177, 172]
[177, 178, 170, 180, 170, 180, 190, 173, 192, 167]
]]></system-out>
  <system-err><![CDATA[]]></system-err>
</testsuite>
