<?xml version="1.0" encoding="UTF-8"?>
<testsuite name="com.telek.tests.functions.TwoVarFuncTest" tests="1" skipped="0" failures="0" errors="0" timestamp="2022-06-07T17:48:54" hostname="TUNERIKGEZGINI" time="0.001">
  <properties/>
  <testcase name="twoVarFuncTest" classname="com.telek.tests.functions.TwoVarFuncTest" time="0.001"/>
  <system-out><![CDATA[]]></system-out>
  <system-err><![CDATA[]]></system-err>
</testsuite>
