<?xml version="1.0" encoding="UTF-8"?>
<testsuite name="com.telek.tests.stats.sampling.SamplingTest" tests="3" skipped="0" failures="0" errors="0" timestamp="2022-02-12T13:21:24" hostname="TUNERIKGEZGINI" time="0.004">
  <properties/>
  <testcase name="samplingTestPrimitiveFloat" classname="com.telek.tests.stats.sampling.SamplingTest" time="0.003"/>
  <testcase name="samplingTestClass" classname="com.telek.tests.stats.sampling.SamplingTest" time="0.0"/>
  <testcase name="samplingTestPrimitiveINT" classname="com.telek.tests.stats.sampling.SamplingTest" time="0.0"/>
  <system-out><![CDATA[[170.0, 173.0, 180.0, 170.0, 176.0, 190.0, 177.0, 167.0, 183.0, 180.0, 166.0, 176.0, 180.0, 165.0, 178.0]
[176.0, 176.0, 166.0, 158.0, 183.0, 165.0, 188.0, 177.0, 178.0, 170.0]
[Lcom.telek.tests.stats.exampledata.Person;@237c3607
[Lcom.telek.tests.stats.exampledata.Person;@63631dc
[203, 183, 166, 176, 176, 170, 173, 172, 192, 180, 165, 188, 176, 160, 190]
[180, 190, 173, 192, 167, 203, 171, 160, 172, 162]
]]></system-out>
  <system-err><![CDATA[]]></system-err>
</testsuite>
