<?xml version="1.0" encoding="UTF-8"?>
<testsuite name="com.telek.tests.functions.FuncTest" tests="1" skipped="0" failures="0" errors="0" timestamp="2022-06-02T01:26:57" hostname="TUNERIKGEZGINI" time="0.018">
  <properties/>
  <testcase name="tfunctionTest" classname="com.telek.tests.functions.FuncTest" time="0.018"/>
  <system-out><![CDATA[(1.000000 + 2.000000 x)
(1.000000 + 5.000000 x) + (1.000000 + 7.000000 x) + (1.000000 + 7.000000 x)
]]></system-out>
  <system-err><![CDATA[]]></system-err>
</testsuite>
