<?xml version="1.0" encoding="UTF-8"?>
<testsuite name="com.telek.tests.stats.confidenceint.ConfIntervalSingleVariableTest" tests="4" skipped="0" failures="0" errors="0" timestamp="2022-07-03T14:41:21" hostname="TUNERIKGEZGINI" time="0.015">
  <properties/>
  <testcase name="meanSingleVariableTest" classname="com.telek.tests.stats.confidenceint.ConfIntervalSingleVariableTest" time="0.006"/>
  <testcase name="proportionsSingleVariableTest" classname="com.telek.tests.stats.confidenceint.ConfIntervalSingleVariableTest" time="0.004"/>
  <testcase name="varianceSingleVariableTest" classname="com.telek.tests.stats.confidenceint.ConfIntervalSingleVariableTest" time="0.0"/>
  <testcase name="forPersonDataTest" classname="com.telek.tests.stats.confidenceint.ConfIntervalSingleVariableTest" time="0.004"/>
  <system-out><![CDATA[]]></system-out>
  <system-err><![CDATA[]]></system-err>
</testsuite>
