<?xml version="1.0" encoding="UTF-8"?>
<testsuite name="com.telek.tests.stats.sampling.SamplingTest" tests="3" skipped="0" failures="0" errors="0" timestamp="2022-03-11T07:18:58" hostname="TUNERIKGEZGINI" time="0.006">
  <properties/>
  <testcase name="samplingTestPrimitiveFloat" classname="com.telek.tests.stats.sampling.SamplingTest" time="0.004"/>
  <testcase name="samplingTestClass" classname="com.telek.tests.stats.sampling.SamplingTest" time="0.001"/>
  <testcase name="samplingTestPrimitiveINT" classname="com.telek.tests.stats.sampling.SamplingTest" time="0.001"/>
  <system-out><![CDATA[[190.0, 158.0, 170.0, 176.0, 176.0, 176.0, 167.0, 183.0, 160.0, 172.0, 166.0, 192.0, 178.0, 182.0, 171.0]
[165.0, 188.0, 177.0, 178.0, 170.0, 180.0, 170.0, 180.0, 190.0, 173.0]
[Lcom.telek.tests.stats.exampledata.Person;@5c8362b0
[Lcom.telek.tests.stats.exampledata.Person;@383361a7
[176, 165, 190, 180, 176, 173, 176, 177, 203, 178, 167, 171, 170, 180, 176]
[162, 176, 180, 176, 182, 176, 176, 166, 158, 183]
]]></system-out>
  <system-err><![CDATA[]]></system-err>
</testsuite>
