<?xml version="1.0" encoding="UTF-8"?>
<testsuite name="com.telek.tests.dists.TDistTest" tests="4" skipped="0" failures="0" errors="0" timestamp="2022-02-10T00:06:32" hostname="TUNERIKGEZGINI" time="0.159">
  <properties/>
  <testcase name="invCumSameAsClassTable" classname="com.telek.tests.dists.TDistTest" time="0.003"/>
  <testcase name="cumProbTest" classname="com.telek.tests.dists.TDistTest" time="0.021"/>
  <testcase name="invCumProbTest" classname="com.telek.tests.dists.TDistTest" time="0.127"/>
  <testcase name="densityTest" classname="com.telek.tests.dists.TDistTest" time="0.006"/>
  <system-out><![CDATA[My results: DataDescription{count=10000.0, mean=5213.06, geomean=Infinity, sum=5.21306E7, interquartileRange=500.0, mode=4800.0, modeCount=1241.0, variance=1.9462080943640003E8, median=4900.0, quartile1=4700.0, quartile2=4900.0, quartile3=5200.0, min=1600.0, max=1396600.0, range=1395000.0, stddev=13950.656236765353, pearsonSkewCoef=0.06732156423759479, bowleySkewCoef=0.2}
Apache results: DataDescription{count=10000.0, mean=5111.09, geomean=Infinity, sum=5.11109E7, interquartileRange=1700.0, mode=3400.0, modeCount=504.0, variance=1.7932924900118992E9, median=4000.0, quartile1=3400.0, quartile2=4000.0, quartile3=5100.0, min=1700.0, max=4226800.0, range=4225100.0, stddev=42347.28432865441, pearsonSkewCoef=0.07871272155566618, bowleySkewCoef=0.29411764705882354}
]]></system-out>
  <system-err><![CDATA[]]></system-err>
</testsuite>
