<?xml version="1.0" encoding="UTF-8"?>
<testsuite name="com.telek.tests.stats.desc.DataDescriptionTest" tests="6" skipped="0" failures="0" errors="0" timestamp="2022-07-03T14:41:21" hostname="TUNERIKGEZGINI" time="0.192">
  <properties/>
  <testcase name="dataDescGenericTest" classname="com.telek.tests.stats.desc.DataDescriptionTest" time="0.001"/>
  <testcase name="randomTest1" classname="com.telek.tests.stats.desc.DataDescriptionTest" time="0.017"/>
  <testcase name="randomTest2" classname="com.telek.tests.stats.desc.DataDescriptionTest" time="0.007"/>
  <testcase name="dataDescPrimitiveTest" classname="com.telek.tests.stats.desc.DataDescriptionTest" time="0.002"/>
  <testcase name="noiseTest1" classname="com.telek.tests.stats.desc.DataDescriptionTest" time="0.161"/>
  <testcase name="dataDescPrimitiveWithoutConversionTest" classname="com.telek.tests.stats.desc.DataDescriptionTest" time="0.0"/>
  <system-out><![CDATA[]]></system-out>
  <system-err><![CDATA[]]></system-err>
</testsuite>
