<?xml version="1.0" encoding="UTF-8"?>
<testsuite name="com.telek.tests.stats.sampling.SamplingTest" tests="3" skipped="0" failures="0" errors="0" timestamp="2022-03-04T21:58:11" hostname="TUNERIKGEZGINI" time="0.005">
  <properties/>
  <testcase name="samplingTestPrimitiveFloat" classname="com.telek.tests.stats.sampling.SamplingTest" time="0.004"/>
  <testcase name="samplingTestClass" classname="com.telek.tests.stats.sampling.SamplingTest" time="0.0"/>
  <testcase name="samplingTestPrimitiveINT" classname="com.telek.tests.stats.sampling.SamplingTest" time="0.0"/>
  <system-out><![CDATA[[158.0, 178.0, 176.0, 176.0, 177.0, 170.0, 176.0, 160.0, 166.0, 167.0, 172.0, 183.0, 180.0, 162.0, 171.0]
[170.0, 180.0, 190.0, 173.0, 192.0, 167.0, 203.0, 171.0, 160.0, 172.0]
[Lcom.telek.tests.stats.exampledata.Person;@48fe6dd
[Lcom.telek.tests.stats.exampledata.Person;@1600a637
[180, 160, 176, 173, 170, 171, 182, 188, 180, 178, 162, 170, 177, 190, 183]
[170, 180, 190, 173, 192, 167, 203, 171, 160, 172]
]]></system-out>
  <system-err><![CDATA[]]></system-err>
</testsuite>
