<?xml version="1.0" encoding="UTF-8"?>
<testsuite name="com.telek.tests.dists.ChiSqDistTest" tests="4" skipped="0" failures="0" errors="0" timestamp="2022-03-20T12:24:22" hostname="TUNERIKGEZGINI" time="3.846">
  <properties/>
  <testcase name="invCumLeftTailed" classname="com.telek.tests.dists.ChiSqDistTest" time="0.25"/>
  <testcase name="invCumRightTailed" classname="com.telek.tests.dists.ChiSqDistTest" time="0.001"/>
  <testcase name="cumProbTest" classname="com.telek.tests.dists.ChiSqDistTest" time="3.53"/>
  <testcase name="densityTest" classname="com.telek.tests.dists.ChiSqDistTest" time="0.063"/>
  <system-out><![CDATA[]]></system-out>
  <system-err><![CDATA[]]></system-err>
</testsuite>
