<?xml version="1.0" encoding="UTF-8"?>
<testsuite name="com.telek.tests.zsingle.ArrayRefTest" tests="2" skipped="0" failures="0" errors="0" timestamp="2022-05-17T19:26:54" hostname="TUNERIKGEZGINI" time="0.003">
  <properties/>
  <testcase name="arrayRefTwodTest" classname="com.telek.tests.zsingle.ArrayRefTest" time="0.001"/>
  <testcase name="arrayRefOnedTest" classname="com.telek.tests.zsingle.ArrayRefTest" time="0.001"/>
  <system-out><![CDATA[]]></system-out>
  <system-err><![CDATA[]]></system-err>
</testsuite>
