<?xml version="1.0" encoding="UTF-8"?>
<testsuite name="com.telek.tests.dists.TDistTest" tests="1" skipped="0" failures="0" errors="0" timestamp="2022-02-07T23:19:14" hostname="TUNERIKGEZGINI" time="0.19">
  <properties/>
  <testcase name="cumProbTest" classname="com.telek.tests.dists.TDistTest" time="0.19"/>
  <system-out><![CDATA[]]></system-out>
  <system-err><![CDATA[]]></system-err>
</testsuite>
