<?xml version="1.0" encoding="UTF-8"?>
<testsuite name="com.telek.tests.stats.SimpleRegressionTest" tests="1" skipped="0" failures="0" errors="0" timestamp="2022-03-20T12:24:28" hostname="TUNERIKGEZGINI" time="0.005">
  <properties/>
  <testcase name="regressionTest" classname="com.telek.tests.stats.SimpleRegressionTest" time="0.005"/>
  <system-out><![CDATA[]]></system-out>
  <system-err><![CDATA[]]></system-err>
</testsuite>
