<?xml version="1.0" encoding="UTF-8"?>
<testsuite name="com.telek.tests.functions.FuncTest" tests="1" skipped="0" failures="0" errors="0" timestamp="2022-03-10T19:02:05" hostname="TUNERIKGEZGINI" time="0.023">
  <properties/>
  <testcase name="tfunctionTest" classname="com.telek.tests.functions.FuncTest" time="0.023"/>
  <system-out><![CDATA[]]></system-out>
  <system-err><![CDATA[]]></system-err>
</testsuite>
