<?xml version="1.0" encoding="UTF-8"?>
<testsuite name="com.telek.tests.zsingle.DiscreteMathTest" tests="1" skipped="0" failures="0" errors="0" timestamp="2022-06-07T17:49:05" hostname="TUNERIKGEZGINI" time="0.025">
  <properties/>
  <testcase name="discreteMathTest" classname="com.telek.tests.zsingle.DiscreteMathTest" time="0.025"/>
  <system-out><![CDATA[]]></system-out>
  <system-err><![CDATA[]]></system-err>
</testsuite>
