<?xml version="1.0" encoding="UTF-8"?>
<testsuite name="com.telek.tests.stats.DataDescriptionTest" tests="2" skipped="0" failures="0" errors="0" timestamp="2022-01-29T23:38:23" hostname="TUNERIKGEZGINI" time="0.021">
  <properties/>
  <testcase name="dataDescGenericTest" classname="com.telek.tests.stats.DataDescriptionTest" time="0.018"/>
  <testcase name="dataDescPrimitiveTest" classname="com.telek.tests.stats.DataDescriptionTest" time="0.003"/>
  <system-out><![CDATA[]]></system-out>
  <system-err><![CDATA[]]></system-err>
</testsuite>
