<?xml version="1.0" encoding="UTF-8"?>
<testsuite name="com.telek.tests.dists.ChiSqDistTest" tests="1" skipped="0" failures="0" errors="0" timestamp="2022-02-06T23:36:22" hostname="TUNERIKGEZGINI" time="0.031">
  <properties/>
  <testcase name="cdfTest" classname="com.telek.tests.dists.ChiSqDistTest" time="0.031"/>
  <system-out><![CDATA[2.772588722242905
]]></system-out>
  <system-err><![CDATA[]]></system-err>
</testsuite>
