<?xml version="1.0" encoding="UTF-8"?>
<testsuite name="com.telek.tests.points.TPoint3DTest" tests="1" skipped="0" failures="0" errors="0" timestamp="2022-01-23T01:27:25" hostname="TUNERIKGEZGINI" time="0.0">
  <properties/>
  <testcase name="point3DTest()" classname="com.telek.tests.points.TPoint3DTest" time="0.0"/>
  <system-out><![CDATA[]]></system-out>
  <system-err><![CDATA[]]></system-err>
</testsuite>
