<?xml version="1.0" encoding="UTF-8"?>
<testsuite name="com.telek.tests.dists.TDistTest" tests="3" skipped="0" failures="0" errors="0" timestamp="2022-02-08T21:29:54" hostname="TUNERIKGEZGINI" time="0.168">
  <properties/>
  <testcase name="cumProbTest" classname="com.telek.tests.dists.TDistTest" time="0.151"/>
  <testcase name="invCumProbTest" classname="com.telek.tests.dists.TDistTest" time="0.005"/>
  <testcase name="densityTest" classname="com.telek.tests.dists.TDistTest" time="0.01"/>
  <system-out><![CDATA[apache: -0.2601848294921112
my val: 0.0
]]></system-out>
  <system-err><![CDATA[]]></system-err>
</testsuite>
