<?xml version="1.0" encoding="UTF-8"?>
<testsuite name="com.telek.tests.stats.sampling.SamplingTest" tests="3" skipped="0" failures="0" errors="0" timestamp="2022-02-19T21:58:08" hostname="TUNERIKGEZGINI" time="0.005">
  <properties/>
  <testcase name="samplingTestPrimitiveFloat" classname="com.telek.tests.stats.sampling.SamplingTest" time="0.004"/>
  <testcase name="samplingTestClass" classname="com.telek.tests.stats.sampling.SamplingTest" time="0.001"/>
  <testcase name="samplingTestPrimitiveINT" classname="com.telek.tests.stats.sampling.SamplingTest" time="0.0"/>
  <system-out><![CDATA[[177.0, 176.0, 192.0, 165.0, 172.0, 203.0, 182.0, 180.0, 173.0, 166.0, 190.0, 170.0, 171.0, 170.0, 158.0]
[183.0, 165.0, 188.0, 177.0, 178.0, 170.0, 180.0, 170.0, 180.0, 190.0]
[Lcom.telek.tests.stats.exampledata.Person;@701d6903
[Lcom.telek.tests.stats.exampledata.Person;@6402c5a2
[172, 171, 167, 180, 176, 176, 170, 190, 177, 173, 183, 176, 180, 203, 188]
[160, 172, 162, 176, 180, 176, 182, 176, 176, 166]
]]></system-out>
  <system-err><![CDATA[]]></system-err>
</testsuite>
