<?xml version="1.0" encoding="UTF-8"?>
<testsuite name="com.telek.tests.stats.hypo.HypothesisTwoVarTest" tests="2" skipped="0" failures="0" errors="0" timestamp="2022-02-21T23:51:36" hostname="TUNERIKGEZGINI" time="0.001">
  <properties/>
  <testcase name="differenceOfMeansTest" classname="com.telek.tests.stats.hypo.HypothesisTwoVarTest" time="0.0"/>
  <testcase name="differenceOfProportionsTest" classname="com.telek.tests.stats.hypo.HypothesisTwoVarTest" time="0.001"/>
  <system-out><![CDATA[]]></system-out>
  <system-err><![CDATA[]]></system-err>
</testsuite>
