<?xml version="1.0" encoding="UTF-8"?>
<testsuite name="com.telek.tests.stats.SamplingTest" tests="3" skipped="0" failures="0" errors="0" timestamp="2022-02-03T23:07:30" hostname="TUNERIKGEZGINI" time="0.003">
  <properties/>
  <testcase name="samplingTestPrimitiveFloat" classname="com.telek.tests.stats.SamplingTest" time="0.002"/>
  <testcase name="samplingTestClass" classname="com.telek.tests.stats.SamplingTest" time="0.001"/>
  <testcase name="samplingTestPrimitiveINT" classname="com.telek.tests.stats.SamplingTest" time="0.0"/>
  <system-out><![CDATA[[176.0, 173.0, 172.0, 170.0, 183.0, 180.0, 176.0, 167.0, 190.0, 177.0, 203.0, 170.0, 188.0, 180.0, 171.0]
[162.0, 176.0, 180.0, 176.0, 182.0, 176.0, 176.0, 166.0, 158.0, 183.0]
[Lcom.telek.tests.stats.Person;@20eaea7e
[Lcom.telek.tests.stats.Person;@5d835f04
[176, 171, 183, 180, 182, 178, 190, 166, 172, 203, 167, 158, 192, 160, 165]
[190, 173, 192, 167, 203, 171, 160, 172, 162, 176]
]]></system-out>
  <system-err><![CDATA[]]></system-err>
</testsuite>
