<?xml version="1.0" encoding="UTF-8"?>
<testsuite name="com.telek.tests.functions.FuncTest" tests="2" skipped="0" failures="0" errors="0" timestamp="2022-05-17T19:26:54" hostname="TUNERIKGEZGINI" time="0.004">
  <properties/>
  <testcase name="amnTest" classname="com.telek.tests.functions.FuncTest" time="0.001"/>
  <testcase name="tfunctionTest" classname="com.telek.tests.functions.FuncTest" time="0.002"/>
  <system-out><![CDATA[]]></system-out>
  <system-err><![CDATA[]]></system-err>
</testsuite>
