<?xml version="1.0" encoding="UTF-8"?>
<testsuite name="com.telek.tests.stats.SamplingTest" tests="3" skipped="0" failures="0" errors="0" timestamp="2022-02-06T01:16:12" hostname="TUNERIKGEZGINI" time="0.003">
  <properties/>
  <testcase name="samplingTestPrimitiveFloat" classname="com.telek.tests.stats.SamplingTest" time="0.002"/>
  <testcase name="samplingTestClass" classname="com.telek.tests.stats.SamplingTest" time="0.001"/>
  <testcase name="samplingTestPrimitiveINT" classname="com.telek.tests.stats.SamplingTest" time="0.0"/>
  <system-out><![CDATA[[160.0, 176.0, 171.0, 173.0, 176.0, 170.0, 178.0, 180.0, 180.0, 176.0, 167.0, 192.0, 162.0, 177.0, 203.0]
[183.0, 165.0, 188.0, 177.0, 178.0, 170.0, 180.0, 170.0, 180.0, 190.0]
[Lcom.telek.tests.stats.Person;@2f466caa
[Lcom.telek.tests.stats.Person;@b546ee8
[160, 188, 176, 167, 190, 166, 176, 180, 182, 176, 177, 180, 170, 165, 173]
[173, 192, 167, 203, 171, 160, 172, 162, 176, 180]
]]></system-out>
  <system-err><![CDATA[]]></system-err>
</testsuite>
