<?xml version="1.0" encoding="UTF-8"?>
<testsuite name="com.telek.tests.geometry.TLine2DTest" tests="1" skipped="0" failures="0" errors="0" timestamp="2022-02-08T21:29:56" hostname="TUNERIKGEZGINI" time="0.001">
  <properties/>
  <testcase name="line2dTest" classname="com.telek.tests.geometry.TLine2DTest" time="0.001"/>
  <system-out><![CDATA[]]></system-out>
  <system-err><![CDATA[]]></system-err>
</testsuite>
