<?xml version="1.0" encoding="UTF-8"?>
<testsuite name="com.telek.tests.stats.DataDescriptionTest" tests="5" skipped="0" failures="0" errors="0" timestamp="2022-02-03T23:07:30" hostname="TUNERIKGEZGINI" time="0.183">
  <properties/>
  <testcase name="dataDescGenericTest" classname="com.telek.tests.stats.DataDescriptionTest" time="0.003"/>
  <testcase name="randomTest1" classname="com.telek.tests.stats.DataDescriptionTest" time="0.021"/>
  <testcase name="randomTest2" classname="com.telek.tests.stats.DataDescriptionTest" time="0.007"/>
  <testcase name="dataDescPrimitiveTest" classname="com.telek.tests.stats.DataDescriptionTest" time="0.005"/>
  <testcase name="noiseTest1" classname="com.telek.tests.stats.DataDescriptionTest" time="0.146"/>
  <system-out><![CDATA[]]></system-out>
  <system-err><![CDATA[]]></system-err>
</testsuite>
