<?xml version="1.0" encoding="UTF-8"?>
<testsuite name="com.telek.tests.matrices.TMatrixTest" tests="1" skipped="0" failures="0" errors="0" timestamp="2022-05-26T00:41:26" hostname="TUNERIKGEZGINI" time="0.016">
  <properties/>
  <testcase name="tmatNTest" classname="com.telek.tests.matrices.TMatrixTest" time="0.016"/>
  <system-out><![CDATA[[1.0, 2.0, -3.0]
]]></system-out>
  <system-err><![CDATA[]]></system-err>
</testsuite>
