<?xml version="1.0" encoding="UTF-8"?>
<testsuite name="com.telek.tests.dists.ChiSqDistTest" tests="4" skipped="0" failures="0" errors="0" timestamp="2022-02-19T21:58:02" hostname="TUNERIKGEZGINI" time="2.571">
  <properties/>
  <testcase name="invCumLeftTailed" classname="com.telek.tests.dists.ChiSqDistTest" time="0.293"/>
  <testcase name="invCumRightTailed" classname="com.telek.tests.dists.ChiSqDistTest" time="0.001"/>
  <testcase name="cumProbTest" classname="com.telek.tests.dists.ChiSqDistTest" time="2.213"/>
  <testcase name="densityTest" classname="com.telek.tests.dists.ChiSqDistTest" time="0.062"/>
  <system-out><![CDATA[]]></system-out>
  <system-err><![CDATA[]]></system-err>
</testsuite>
