<?xml version="1.0" encoding="UTF-8"?>
<testsuite name="com.twistral.tests.functions.TRangeTest" tests="1" skipped="0" failures="0" errors="0" timestamp="2022-07-05T00:18:51" hostname="TUNERIKGEZGINI" time="0.008">
  <properties/>
  <testcase name="rangeTest" classname="com.twistral.tests.functions.TRangeTest" time="0.008"/>
  <system-out><![CDATA[]]></system-out>
  <system-err><![CDATA[]]></system-err>
</testsuite>
