<?xml version="1.0" encoding="UTF-8"?>
<testsuite name="com.telek.tests.stats.DataDescriptionTest" tests="5" skipped="0" failures="0" errors="0" timestamp="2022-02-10T00:06:34" hostname="TUNERIKGEZGINI" time="0.171">
  <properties/>
  <testcase name="dataDescGenericTest" classname="com.telek.tests.stats.DataDescriptionTest" time="0.001"/>
  <testcase name="randomTest1" classname="com.telek.tests.stats.DataDescriptionTest" time="0.013"/>
  <testcase name="randomTest2" classname="com.telek.tests.stats.DataDescriptionTest" time="0.004"/>
  <testcase name="dataDescPrimitiveTest" classname="com.telek.tests.stats.DataDescriptionTest" time="0.002"/>
  <testcase name="noiseTest1" classname="com.telek.tests.stats.DataDescriptionTest" time="0.148"/>
  <system-out><![CDATA[]]></system-out>
  <system-err><![CDATA[]]></system-err>
</testsuite>
