<?xml version="1.0" encoding="UTF-8"?>
<testsuite name="com.telek.tests.stats.SamplingTest" tests="1" skipped="0" failures="0" errors="0" timestamp="2022-01-26T03:42:06" hostname="TUNERIKGEZGINI" time="0.016">
  <properties/>
  <testcase name="sampling" classname="com.telek.tests.stats.SamplingTest" time="0.016"/>
  <system-out><![CDATA[]]></system-out>
  <system-err><![CDATA[]]></system-err>
</testsuite>
